2023-02-21 09:40:48,978 - homework_03_members - INFO - Process terminated by exception, message: <In group "Nice study hub" are already 10 members.> , logging stopped.

2023-02-21 09:54:13,432 - homework_03_members - INFO - Added Ivan Melnik, age 21 (grade A) to the "Nice study hub"
2023-02-21 09:54:13,433 - homework_03_members - INFO - Added Guido Rossum, age 24 (grade A+) to the "Nice study hub"
2023-02-21 09:54:13,433 - homework_03_members - INFO - Added Helga Hansen, age 26 (grade A) to the "Nice study hub"
2023-02-21 09:54:13,433 - homework_03_members - INFO - Added Peter Pen, age 21 (grade B) to the "Nice study hub"
2023-02-21 09:54:13,433 - homework_03_members - INFO - Added Migel Barbados, age 28 (grade A) to the "Nice study hub"
2023-02-21 09:54:13,433 - homework_03_members - INFO - Added Bart Smith, age 19 (grade B) to the "Nice study hub"
2023-02-21 09:54:13,433 - homework_03_members - INFO - Added Rick Sanchez, age 52 (grade A+) to the "Nice study hub"
2023-02-21 09:54:13,433 - homework_03_members - INFO - Added Georg Smith, age 24 (grade A) to the "Nice study hub"
2023-02-21 09:54:13,434 - homework_03_members - INFO - Added Alexander Melnik, age 25 (grade A) to the "Nice study hub"
2023-02-21 09:54:13,434 - homework_03_members - INFO - Added Vasyl Zaliznyak, age 23 (grade A) to the "Nice study hub"
2023-02-21 10:02:30,191 - homework_03_members - INFO - Added Ivan Melnik, age 21 (grade A) to the "Nice study hub"
2023-02-21 10:02:30,192 - homework_03_members - INFO - Added Guido Rossum, age 24 (grade A+) to the "Nice study hub"
2023-02-21 10:02:30,192 - homework_03_members - INFO - Added Helga Hansen, age 26 (grade A) to the "Nice study hub"
2023-02-21 10:02:30,192 - homework_03_members - INFO - Added Peter Pen, age 21 (grade B) to the "Nice study hub"
2023-02-21 10:02:30,192 - homework_03_members - INFO - Added Migel Barbados, age 28 (grade A) to the "Nice study hub"
2023-02-21 10:02:30,192 - homework_03_members - INFO - Added Bart Smith, age 19 (grade B) to the "Nice study hub"
2023-02-21 10:02:30,192 - homework_03_members - INFO - Added Rick Sanchez, age 52 (grade A+) to the "Nice study hub"
2023-02-21 10:02:30,192 - homework_03_members - INFO - Added Georg Smith, age 24 (grade A) to the "Nice study hub"
2023-02-21 10:02:30,192 - homework_03_members - INFO - Added Alexander Melnik, age 25 (grade A) to the "Nice study hub"
2023-02-21 10:02:30,193 - homework_03_members - INFO - Added Vasyl Zaliznyak, age 23 (grade A) to the "Nice study hub"
2023-02-21 10:02:51,112 - homework_03_members - INFO - Added Ivan Melnik, age 21 (grade A) to the "Nice study hub"
2023-02-21 10:02:51,112 - homework_03_members - INFO - Added Guido Rossum, age 24 (grade A+) to the "Nice study hub"
2023-02-21 10:02:51,113 - homework_03_members - INFO - Added Helga Hansen, age 26 (grade A) to the "Nice study hub"
2023-02-21 10:02:51,113 - homework_03_members - INFO - Added Peter Pen, age 21 (grade B) to the "Nice study hub"
2023-02-21 10:02:51,113 - homework_03_members - INFO - Added Migel Barbados, age 28 (grade A) to the "Nice study hub"
2023-02-21 10:02:51,113 - homework_03_members - INFO - Added Bart Smith, age 19 (grade B) to the "Nice study hub"
2023-02-21 10:02:51,113 - homework_03_members - INFO - Added Rick Sanchez, age 52 (grade A+) to the "Nice study hub"
2023-02-21 10:02:51,113 - homework_03_members - INFO - Added Georg Smith, age 24 (grade A) to the "Nice study hub"
2023-02-21 10:02:51,113 - homework_03_members - INFO - Added Alexander Melnik, age 25 (grade A) to the "Nice study hub"
2023-02-21 10:02:51,113 - homework_03_members - INFO - Added Vasyl Zaliznyak, age 23 (grade A) to the "Nice study hub"
2023-02-21 10:02:51,114 - homework_03_members - INFO - Process terminated by exception, message: <Member Vasyl Zaliznyak, age 23 (grade A), already registered in group "Nice study hub".> , logging stopped.

2023-02-21 10:03:11,350 - homework_03_members - INFO - Added Ivan Melnik, age 21 (grade A) to the "Nice study hub"
2023-02-21 10:03:11,350 - homework_03_members - INFO - Added Guido Rossum, age 24 (grade A+) to the "Nice study hub"
2023-02-21 10:03:11,350 - homework_03_members - INFO - Added Helga Hansen, age 26 (grade A) to the "Nice study hub"
2023-02-21 10:03:11,350 - homework_03_members - INFO - Added Peter Pen, age 21 (grade B) to the "Nice study hub"
2023-02-21 10:03:11,350 - homework_03_members - INFO - Added Migel Barbados, age 28 (grade A) to the "Nice study hub"
2023-02-21 10:03:11,350 - homework_03_members - INFO - Added Bart Smith, age 19 (grade B) to the "Nice study hub"
2023-02-21 10:03:11,351 - homework_03_members - INFO - Added Rick Sanchez, age 52 (grade A+) to the "Nice study hub"
2023-02-21 10:03:11,351 - homework_03_members - INFO - Added Georg Smith, age 24 (grade A) to the "Nice study hub"
2023-02-21 10:03:11,351 - homework_03_members - INFO - Added Alexander Melnik, age 25 (grade A) to the "Nice study hub"
2023-02-21 10:03:11,351 - homework_03_members - INFO - Added Vasyl Zaliznyak, age 23 (grade A) to the "Nice study hub"
2023-02-21 10:03:11,351 - homework_03_members - INFO - Process terminated by exception, message: <In group "Nice study hub" are already 10 members.> , logging stopped.

2023-02-21 10:04:47,678 - homework_03_members - INFO - Added Ivan Melnik, age 21 (grade A) to the "Nice study hub"
2023-02-21 10:04:47,679 - homework_03_members - INFO - Added Guido Rossum, age 24 (grade A+) to the "Nice study hub"
2023-02-21 10:04:47,679 - homework_03_members - INFO - Added Helga Hansen, age 26 (grade A) to the "Nice study hub"
2023-02-21 10:04:47,679 - homework_03_members - INFO - Added Peter Pen, age 21 (grade B) to the "Nice study hub"
2023-02-21 10:04:47,679 - homework_03_members - INFO - Added Migel Barbados, age 28 (grade A) to the "Nice study hub"
2023-02-21 10:04:47,679 - homework_03_members - INFO - Added Bart Smith, age 19 (grade B) to the "Nice study hub"
2023-02-21 10:04:47,679 - homework_03_members - INFO - Added Rick Sanchez, age 52 (grade A+) to the "Nice study hub"
2023-02-21 10:04:47,679 - homework_03_members - INFO - Added Georg Smith, age 24 (grade A) to the "Nice study hub"
2023-02-21 10:04:47,679 - homework_03_members - INFO - Added Alexander Melnik, age 25 (grade A) to the "Nice study hub"
2023-02-21 10:04:47,680 - homework_03_members - INFO - Added Vasyl Zaliznyak, age 23 (grade A) to the "Nice study hub"
2023-02-21 10:04:55,294 - homework_03_members - INFO - Process finished successfully, logging stopped.
